{"level":"error","message":"products is not defined","name":"ReferenceError","service":"farmer-connect-api","status":"error","statusCode":500,"timestamp":"2026-03-29 23:35:33"}
{"level":"error","message":"products is not defined","name":"ReferenceError","service":"farmer-connect-api","status":"error","statusCode":500,"timestamp":"2026-03-29 23:36:53"}
{"level":"error","message":"products is not defined","name":"ReferenceError","service":"farmer-connect-api","status":"error","statusCode":500,"timestamp":"2026-03-29 23:37:31"}
{"level":"error","message":"products is not defined","name":"ReferenceError","service":"farmer-connect-api","status":"error","statusCode":500,"timestamp":"2026-03-29 23:38:10"}
{"level":"error","message":"products is not defined","name":"ReferenceError","service":"farmer-connect-api","status":"error","statusCode":500,"timestamp":"2026-03-29 23:38:37"}
{"level":"error","message":"products is not defined","name":"ReferenceError","service":"farmer-connect-api","status":"error","statusCode":500,"timestamp":"2026-03-29 23:38:39"}
{"level":"error","message":"products is not defined","name":"ReferenceError","service":"farmer-connect-api","status":"error","statusCode":500,"timestamp":"2026-03-29 23:38:41"}
{"level":"error","message":"products is not defined","name":"ReferenceError","service":"farmer-connect-api","status":"error","statusCode":500,"timestamp":"2026-03-29 23:38:42"}
{"level":"error","message":"products is not defined","name":"ReferenceError","service":"farmer-connect-api","status":"error","statusCode":500,"timestamp":"2026-03-29 23:38:44"}
{"level":"error","message":"products is not defined","name":"ReferenceError","service":"farmer-connect-api","status":"error","statusCode":500,"timestamp":"2026-03-29 23:40:16"}
{"level":"error","message":"products is not defined","name":"ReferenceError","service":"farmer-connect-api","status":"error","statusCode":500,"timestamp":"2026-03-29 23:41:57"}
{"level":"error","message":"products is not defined","name":"ReferenceError","service":"farmer-connect-api","status":"error","statusCode":500,"timestamp":"2026-03-29 23:42:08"}
{"level":"error","message":"products is not defined","name":"ReferenceError","service":"farmer-connect-api","status":"error","statusCode":500,"timestamp":"2026-03-29 23:43:03"}
{"level":"error","message":"products is not defined","name":"ReferenceError","service":"farmer-connect-api","status":"error","statusCode":500,"timestamp":"2026-03-29 23:43:53"}
{"level":"error","message":"Cannot read properties of undefined (reading 'toString')","name":"TypeError","service":"farmer-connect-api","status":"error","statusCode":500,"timestamp":"2026-03-30 00:18:06"}
{"errorLabelSet":{},"level":"error","message":"connection <monitor> to 159.41.170.144:27017 closed","name":"MongoServerSelectionError","reason":{"commonWireVersion":0,"compatible":true,"heartbeatFrequencyMS":10000,"localThresholdMS":15,"logicalSessionTimeoutMinutes":null,"maxElectionId":{"$oid":"7fffffff00000000000000e4"},"maxSetVersion":76,"servers":{"ac-falm0ak-shard-00-00.s0xvppd.mongodb.net:27017":{"$clusterTime":null,"address":"ac-falm0ak-shard-00-00.s0xvppd.mongodb.net:27017","arbiters":[],"electionId":null,"error":{"beforeHandshake":false,"errorLabelSet":{}},"hosts":[],"iscryptd":false,"lastUpdateTime":224285,"lastWriteDate":0,"logicalSessionTimeoutMinutes":null,"maxBsonObjectSize":null,"maxMessageSizeBytes":null,"maxWireVersion":0,"maxWriteBatchSize":null,"me":null,"minRoundTripTime":0,"minWireVersion":0,"passives":[],"primary":null,"roundTripTime":-1,"setName":null,"setVersion":null,"tags":{},"topologyVersion":null,"type":"Unknown"},"ac-falm0ak-shard-00-01.s0xvppd.mongodb.net:27017":{"$clusterTime":null,"address":"ac-falm0ak-shard-00-01.s0xvppd.mongodb.net:27017","arbiters":[],"electionId":null,"error":{"beforeHandshake":false,"errorLabelSet":{}},"hosts":[],"iscryptd":false,"lastUpdateTime":226515,"lastWriteDate":0,"logicalSessionTimeoutMinutes":null,"maxBsonObjectSize":null,"maxMessageSizeBytes":null,"maxWireVersion":0,"maxWriteBatchSize":null,"me":null,"minRoundTripTime":0,"minWireVersion":0,"passives":[],"primary":null,"roundTripTime":-1,"setName":null,"setVersion":null,"tags":{},"topologyVersion":null,"type":"Unknown"},"ac-falm0ak-shard-00-02.s0xvppd.mongodb.net:27017":{"$clusterTime":null,"address":"ac-falm0ak-shard-00-02.s0xvppd.mongodb.net:27017","arbiters":[],"electionId":null,"error":{"beforeHandshake":false,"errorLabelSet":{}},"hosts":[],"iscryptd":false,"lastUpdateTime":220679,"lastWriteDate":0,"logicalSessionTimeoutMinutes":null,"maxBsonObjectSize":null,"maxMessageSizeBytes":null,"maxWireVersion":0,"maxWriteBatchSize":null,"me":null,"minRoundTripTime":0,"minWireVersion":0,"passives":[],"primary":null,"roundTripTime":-1,"setName":null,"setVersion":null,"tags":{},"topologyVersion":null,"type":"Unknown"}},"setName":"atlas-6c36ct-shard-0","stale":false,"type":"ReplicaSetNoPrimary"},"service":"farmer-connect-api","status":"error","statusCode":500,"timestamp":"2026-03-31 11:02:05"}
{"level":"error","message":"Operation `users.findOne()` buffering timed out after 10000ms","name":"MongooseError","service":"farmer-connect-api","status":"error","statusCode":500,"timestamp":"2026-03-31 11:03:59"}
{"error":{"code":"BAD_REQUEST_ERROR","description":"Authentication failed"},"level":"error","service":"farmer-connect-api","status":"error","statusCode":401,"timestamp":"2026-04-12 20:15:24"}
{"error":{"code":"BAD_REQUEST_ERROR","description":"Authentication failed"},"level":"error","service":"farmer-connect-api","status":"error","statusCode":401,"timestamp":"2026-04-12 21:44:58"}
{"error":{"code":"BAD_REQUEST_ERROR","description":"Authentication failed"},"level":"error","service":"farmer-connect-api","status":"error","statusCode":401,"timestamp":"2026-04-12 21:47:32"}
{"error":{"code":"BAD_REQUEST_ERROR","description":"Authentication failed"},"level":"error","service":"farmer-connect-api","status":"error","statusCode":401,"timestamp":"2026-04-12 21:48:12"}
{"code":"LIMIT_FILE_SIZE","field":"profileImage","level":"error","message":"File too large","name":"MulterError","service":"farmer-connect-api","status":"error","statusCode":500,"storageErrors":[],"timestamp":"2026-04-13 00:42:58"}
{"error":{"code":"BAD_REQUEST_ERROR","description":"Authentication failed"},"level":"error","service":"farmer-connect-api","status":"error","statusCode":401,"timestamp":"2026-04-13 01:58:02"}
{"error":{"code":"BAD_REQUEST_ERROR","description":"Authentication failed"},"level":"error","service":"farmer-connect-api","status":"error","statusCode":401,"timestamp":"2026-04-13 10:18:58"}
{"level":"error","message":"Operation `users.findOne()` buffering timed out after 10000ms","name":"MongooseError","service":"farmer-connect-api","status":"error","statusCode":500,"timestamp":"2026-04-14 12:13:02"}
{"level":"error","message":"Operation `products.find()` buffering timed out after 10000ms","name":"MongooseError","service":"farmer-connect-api","status":"error","statusCode":500,"timestamp":"2026-04-14 12:13:03"}
{"level":"error","message":"Operation `users.findOne()` buffering timed out after 10000ms","name":"MongooseError","service":"farmer-connect-api","status":"error","statusCode":500,"timestamp":"2026-04-14 12:13:32"}
{"level":"error","message":"Operation `users.findOne()` buffering timed out after 10000ms","name":"MongooseError","service":"farmer-connect-api","status":"error","statusCode":500,"timestamp":"2026-04-14 12:13:34"}
{"level":"error","message":"Operation `users.findOne()` buffering timed out after 10000ms","name":"MongooseError","service":"farmer-connect-api","status":"error","statusCode":500,"timestamp":"2026-04-14 12:13:50"}
{"level":"error","message":"Operation `users.findOne()` buffering timed out after 10000ms","name":"MongooseError","service":"farmer-connect-api","status":"error","statusCode":500,"timestamp":"2026-04-14 12:15:22"}
{"code":"ECONNRESET","errno":-4077,"level":"error","message":"write ECONNRESET","name":"Error","service":"farmer-connect-api","status":"error","statusCode":500,"storageErrors":[],"syscall":"write","timestamp":"2026-04-14 12:24:51"}
{"error":{"code":"BAD_REQUEST_ERROR","description":"Authentication failed"},"level":"error","service":"farmer-connect-api","status":"error","statusCode":401,"timestamp":"2026-04-14 12:28:51"}
